<?xml version="1.0" encoding="UTF-8"?>
<testng-results ignored="0" total="1" passed="1" failed="0" skipped="0">
  <reporter-output>
  </reporter-output>
  <suite started-at="2024-12-10T21:47:08 IST" name="Default suite" finished-at="2024-12-10T21:47:17 IST" duration-ms="8180">
    <groups>
    </groups>
    <test started-at="2024-12-10T21:47:08 IST" name="Default test" finished-at="2024-12-10T21:47:17 IST" duration-ms="8180">
      <class name="testCases.TC_002_Acc_Login">
        <test-method is-config="true" signature="setup()[pri:0, instance:testCases.TC_002_Acc_Login@6892b3b6]" started-at="2024-12-10T21:47:09 IST" name="setup" finished-at="2024-12-10T21:47:15 IST" duration-ms="6031" status="PASS">
          <reporter-output>
          </reporter-output>
        </test-method> <!-- setup -->
        <test-method signature="verify_acc_login()[pri:0, instance:testCases.TC_002_Acc_Login@6892b3b6]" started-at="2024-12-10T21:47:15 IST" name="verify_acc_login" finished-at="2024-12-10T21:47:16 IST" duration-ms="1828" status="PASS">
          <reporter-output>
          </reporter-output>
        </test-method> <!-- verify_acc_login -->
        <test-method is-config="true" signature="teardown()[pri:0, instance:testCases.TC_002_Acc_Login@6892b3b6]" started-at="2024-12-10T21:47:16 IST" name="teardown" finished-at="2024-12-10T21:47:17 IST" duration-ms="227" status="PASS">
          <reporter-output>
          </reporter-output>
        </test-method> <!-- teardown -->
      </class> <!-- testCases.TC_002_Acc_Login -->
    </test> <!-- Default test -->
  </suite> <!-- Default suite -->
</testng-results>
